<?xml version="1.0" encoding="UTF-8"?>
<testng-results ignored="0" total="2" passed="2" failed="0" skipped="0">
  <reporter-output>
  </reporter-output>
  <suite started-at="2024-05-19T15:47:38 IST" name="Suite" finished-at="2024-05-19T15:47:47 IST" duration-ms="9306">
    <groups>
    </groups>
    <test started-at="2024-05-19T15:47:38 IST" name="Test" finished-at="2024-05-19T15:47:47 IST" duration-ms="9306">
      <class name="test.ResolutionScreen">
        <test-method signature="testRun()[pri:0, instance:test.ResolutionScreen@32eff876]" started-at="2024-05-19T15:47:45 IST" name="testRun" finished-at="2024-05-19T15:47:47 IST" duration-ms="2821" status="PASS">
          <reporter-output>
          </reporter-output>
        </test-method> <!-- testRun -->
      </class> <!-- test.ResolutionScreen -->
      <class name="test.Test0">
        <test-method is-config="true" signature="setUp()[pri:0, instance:test.Test0@31c88ec8]" started-at="2024-05-19T15:47:38 IST" name="setUp" finished-at="2024-05-19T15:47:44 IST" duration-ms="5570" status="PASS">
          <reporter-output>
          </reporter-output>
        </test-method> <!-- setUp -->
        <test-method signature="testDemo()[pri:0, instance:test.Test0@31c88ec8]" started-at="2024-05-19T15:47:44 IST" name="testDemo" finished-at="2024-05-19T15:47:44 IST" duration-ms="274" status="PASS">
          <reporter-output>
          </reporter-output>
        </test-method> <!-- testDemo -->
        <test-method is-config="true" signature="tearDown()[pri:0, instance:test.Test0@31c88ec8]" started-at="2024-05-19T15:47:44 IST" name="tearDown" finished-at="2024-05-19T15:47:45 IST" duration-ms="556" status="PASS">
          <reporter-output>
          </reporter-output>
        </test-method> <!-- tearDown -->
      </class> <!-- test.Test0 -->
    </test> <!-- Test -->
  </suite> <!-- Suite -->
</testng-results>
