<?xml version="1.0" encoding="UTF-8"?>
<testng-results ignored="0" total="2" passed="2" failed="0" skipped="0">
  <reporter-output>
  </reporter-output>
  <suite started-at="2024-05-18T19:09:18 IST" name="Suite" finished-at="2024-05-18T19:09:26 IST" duration-ms="7974">
    <groups>
    </groups>
    <test started-at="2024-05-18T19:09:18 IST" name="Test" finished-at="2024-05-18T19:09:26 IST" duration-ms="7974">
      <class name="test.ResolutionScreen">
        <test-method signature="testRun()[pri:0, instance:test.ResolutionScreen@77888435]" started-at="2024-05-18T19:09:22 IST" name="testRun" finished-at="2024-05-18T19:09:26 IST" duration-ms="3894" status="PASS">
          <reporter-output>
          </reporter-output>
        </test-method> <!-- testRun -->
      </class> <!-- test.ResolutionScreen -->
      <class name="test.Test0">
        <test-method is-config="true" signature="setUp()[pri:0, instance:test.Test0@4550bb58]" started-at="2024-05-18T19:09:18 IST" name="setUp" finished-at="2024-05-18T19:09:22 IST" duration-ms="3700" status="PASS">
          <reporter-output>
          </reporter-output>
        </test-method> <!-- setUp -->
        <test-method signature="testDemo()[pri:0, instance:test.Test0@4550bb58]" started-at="2024-05-18T19:09:22 IST" name="testDemo" finished-at="2024-05-18T19:09:22 IST" duration-ms="26" status="PASS">
          <reporter-output>
          </reporter-output>
        </test-method> <!-- testDemo -->
        <test-method is-config="true" signature="tearDown()[pri:0, instance:test.Test0@4550bb58]" started-at="2024-05-18T19:09:22 IST" name="tearDown" finished-at="2024-05-18T19:09:22 IST" duration-ms="263" status="PASS">
          <reporter-output>
          </reporter-output>
        </test-method> <!-- tearDown -->
      </class> <!-- test.Test0 -->
    </test> <!-- Test -->
  </suite> <!-- Suite -->
</testng-results>
